<html>
<head>
<title>TestNG:  Test Cases</title>
<link href="../testng.css" rel="stylesheet" type="text/css" />
<link href="../my-testng.css" rel="stylesheet" type="text/css" />

<style type="text/css">
.log { display: none;} 
.stack-trace { display: none;} 
</style>
<script type="text/javascript">
<!--
function flip(e) {
  current = e.style.display;
  if (current == 'block') {
    e.style.display = 'none';
    return 0;
  }
  else {
    e.style.display = 'block';
    return 1;
  }
}

function toggleBox(szDivId, elem, msg1, msg2)
{
  var res = -1;  if (document.getElementById) {
    res = flip(document.getElementById(szDivId));
  }
  else if (document.all) {
    // this is the way old msie versions work
    res = flip(document.all[szDivId]);
  }
  if(elem) {
    if(res == 0) elem.innerHTML = msg1; else elem.innerHTML = msg2;
  }

}

function toggleAllBoxes() {
  if (document.getElementsByTagName) {
    d = document.getElementsByTagName('div');
    for (i = 0; i < d.length; i++) {
      if (d[i].className == 'log') {
        flip(d[i]);
      }
    }
  }
}

// -->
</script>

</head>
<body>
<h2 align='center'>Test Cases</h2><table border='1' align="center">
<tr>
<td>Tests passed/Failed/Skipped:</td><td>17/1/0</td>
</tr><tr>
<td>Started on:</td><td>Thu Feb 08 00:15:04 GMT 2018</td>
</tr>
<tr><td>Total time:</td><td>157 seconds (157682 ms)</td>
</tr><tr>
<td>Included groups:</td><td></td>
</tr><tr>
<td>Excluded groups:</td><td></td>
</tr>
</table><p/>
<small><i>(Hover the method name to see the test class name)</i></small><p/>
<table width='100%' border='1' class='invocation-failed'>
<tr><td colspan='4' align='center'><b>FAILED TESTS</b></td></tr>
<tr><td><b>Test method</b></td>
<td width="30%"><b>Exception</b></td>
<td width="10%"><b>Time (seconds)</b></td>
<td><b>Instance</b></td>
</tr>
<tr>
<td title='tests.CaptureImageTest.testToCaptureFailedScreenshot()'><b>testToCaptureFailedScreenshot</b><br>Test class: tests.CaptureImageTest</td>
<td><div><pre>java.lang.Exception: Order cannot be selected by date
	at Pages.OrderHistoryPage.selectOrderFromHistory(OrderHistoryPage.java:56)
	at tests.CaptureImageTest.testToCaptureFailedScreenshot(CaptureImageTest.java:39)
... Removed 24 stack frames</pre></div><a href='#' onClick='toggleBox("stack-trace823575379", this, "Click to show all stack frames", "Click to hide stack frames")'>Click to show all stack frames</a>
<div class='stack-trace' id='stack-trace823575379'><pre>java.lang.Exception: Order cannot be selected by date
	at Pages.OrderHistoryPage.selectOrderFromHistory(OrderHistoryPage.java:56)
	at tests.CaptureImageTest.testToCaptureFailedScreenshot(CaptureImageTest.java:39)
	at sun.reflect.NativeMethodAccessorImpl.invoke0(Native Method)
	at sun.reflect.NativeMethodAccessorImpl.invoke(NativeMethodAccessorImpl.java:62)
	at sun.reflect.DelegatingMethodAccessorImpl.invoke(DelegatingMethodAccessorImpl.java:43)
	at java.lang.reflect.Method.invoke(Method.java:498)
	at org.testng.internal.MethodInvocationHelper.invokeMethod(MethodInvocationHelper.java:124)
	at org.testng.internal.Invoker.invokeMethod(Invoker.java:571)
	at org.testng.internal.Invoker.invokeTestMethod(Invoker.java:707)
	at org.testng.internal.Invoker.invokeTestMethods(Invoker.java:979)
	at org.testng.internal.TestMethodWorker.invokeTestMethods(TestMethodWorker.java:125)
	at org.testng.internal.TestMethodWorker.run(TestMethodWorker.java:109)
	at org.testng.TestRunner.privateRun(TestRunner.java:648)
	at org.testng.TestRunner.run(TestRunner.java:505)
	at org.testng.SuiteRunner.runTest(SuiteRunner.java:455)
	at org.testng.SuiteRunner.runSequentially(SuiteRunner.java:450)
	at org.testng.SuiteRunner.privateRun(SuiteRunner.java:415)
	at org.testng.SuiteRunner.run(SuiteRunner.java:364)
	at org.testng.SuiteRunnerWorker.runSuite(SuiteRunnerWorker.java:52)
	at org.testng.SuiteRunnerWorker.run(SuiteRunnerWorker.java:84)
	at org.testng.TestNG.runSuitesSequentially(TestNG.java:1187)
	at org.testng.TestNG.runSuitesLocally(TestNG.java:1116)
	at org.testng.TestNG.runSuites(TestNG.java:1028)
	at org.testng.TestNG.run(TestNG.java:996)
	at org.testng.IDEARemoteTestNG.run(IDEARemoteTestNG.java:72)
	at org.testng.RemoteTestNGStarter.main(RemoteTestNGStarter.java:123)
</pre></div></td>
<td>8</td>
<td>tests.CaptureImageTest@7c75222b</td></tr>
</table><p>
<table width='100%' border='1' class='invocation-passed'>
<tr><td colspan='4' align='center'><b>PASSED TESTS</b></td></tr>
<tr><td><b>Test method</b></td>
<td width="30%"><b>Exception</b></td>
<td width="10%"><b>Time (seconds)</b></td>
<td><b>Instance</b></td>
</tr>
<tr>
<td title='apitests.APICallsTest.testForCreateUser()'><b>testForCreateUser</b><br>Test class: apitests.APICallsTest</td>
<td></td>
<td>6</td>
<td>apitests.APICallsTest@4c203ea1</td></tr>
<tr>
<td title='apitests.APICallsTest.testForDelayedResponse()'><b>testForDelayedResponse</b><br>Test class: apitests.APICallsTest</td>
<td></td>
<td>4</td>
<td>apitests.APICallsTest@4c203ea1</td></tr>
<tr>
<td title='apitests.APICallsTest.testForDeleteUser()'><b>testForDeleteUser</b><br>Test class: apitests.APICallsTest</td>
<td></td>
<td>0</td>
<td>apitests.APICallsTest@4c203ea1</td></tr>
<tr>
<td title='apitests.APICallsTest.testForGetListOfResources()'><b>testForGetListOfResources</b><br>Test class: apitests.APICallsTest</td>
<td></td>
<td>1</td>
<td>apitests.APICallsTest@4c203ea1</td></tr>
<tr>
<td title='apitests.APICallsTest.testForGetListOfUsers()'><b>testForGetListOfUsers</b><br>Test class: apitests.APICallsTest</td>
<td></td>
<td>0</td>
<td>apitests.APICallsTest@4c203ea1</td></tr>
<tr>
<td title='apitests.APICallsTest.testForGetSingleResource()'><b>testForGetSingleResource</b><br>Test class: apitests.APICallsTest</td>
<td></td>
<td>0</td>
<td>apitests.APICallsTest@4c203ea1</td></tr>
<tr>
<td title='apitests.APICallsTest.testForGetSingleResourceNotFound()'><b>testForGetSingleResourceNotFound</b><br>Test class: apitests.APICallsTest</td>
<td></td>
<td>0</td>
<td>apitests.APICallsTest@4c203ea1</td></tr>
<tr>
<td title='apitests.APICallsTest.testForGetSingleUser()'><b>testForGetSingleUser</b><br>Test class: apitests.APICallsTest</td>
<td></td>
<td>0</td>
<td>apitests.APICallsTest@4c203ea1</td></tr>
<tr>
<td title='apitests.APICallsTest.testForGetSingleUserNotFound()'><b>testForGetSingleUserNotFound</b><br>Test class: apitests.APICallsTest</td>
<td></td>
<td>0</td>
<td>apitests.APICallsTest@4c203ea1</td></tr>
<tr>
<td title='apitests.APICallsTest.testForLoginSuccessful()'><b>testForLoginSuccessful</b><br>Test class: apitests.APICallsTest</td>
<td></td>
<td>0</td>
<td>apitests.APICallsTest@4c203ea1</td></tr>
<tr>
<td title='apitests.APICallsTest.testForLoginUnSuccessful()'><b>testForLoginUnSuccessful</b><br>Test class: apitests.APICallsTest</td>
<td></td>
<td>0</td>
<td>apitests.APICallsTest@4c203ea1</td></tr>
<tr>
<td title='tests.ViewOrdersTest.testForPreviousOrders()'><b>testForPreviousOrders</b><br>Test class: tests.ViewOrdersTest</td>
<td></td>
<td>13</td>
<td>tests.ViewOrdersTest@1cd072a9</td></tr>
<tr>
<td title='tests.HappyPathTest.testForPurchasingTwoItems()'><b>testForPurchasingTwoItems</b><br>Test class: tests.HappyPathTest</td>
<td></td>
<td>41</td>
<td>tests.HappyPathTest@e580929</td></tr>
<tr>
<td title='apitests.APICallsTest.testForRegisterSuccessful()'><b>testForRegisterSuccessful</b><br>Test class: apitests.APICallsTest</td>
<td></td>
<td>0</td>
<td>apitests.APICallsTest@4c203ea1</td></tr>
<tr>
<td title='apitests.APICallsTest.testForRegisterUnSuccessful()'><b>testForRegisterUnSuccessful</b><br>Test class: apitests.APICallsTest</td>
<td></td>
<td>0</td>
<td>apitests.APICallsTest@4c203ea1</td></tr>
<tr>
<td title='apitests.APICallsTest.testForUpdateUserUsingPatch()'><b>testForUpdateUserUsingPatch</b><br>Test class: apitests.APICallsTest</td>
<td></td>
<td>0</td>
<td>apitests.APICallsTest@4c203ea1</td></tr>
<tr>
<td title='apitests.APICallsTest.testForUpdateUserUsingPut()'><b>testForUpdateUserUsingPut</b><br>Test class: apitests.APICallsTest</td>
<td></td>
<td>0</td>
<td>apitests.APICallsTest@4c203ea1</td></tr>
</table><p>
</body>
</html>